Using pre-set license
Built from '2020.2/staging' branch; Version is '2020.2.6f1 (8a2143876886) revision 9052483'; Using compiler version '192528614'; Build Type 'Release'
OS: 'Windows 10 Pro; OS build 18363.1379; Version 1909; 64bit' Language: 'en' Physical Memory: 16322 MB
BatchMode: 1, IsHumanControllingUs: 0, StartBugReporterOnCrash: 0, Is64bit: 1, IsPro: 0

 COMMAND LINE ARGUMENTS:
D:\Unity\2020.2.6f1\Editor\Unity.exe
-adb2
-batchMode
-noUpm
-name
AssetImportWorker0
-projectPath
D:/Github/VerticalDissolve
-logFile
Logs/AssetImportWorker0.log
-srvPort
50700
Successfully changed project path to: D:/Github/VerticalDissolve
D:/Github/VerticalDissolve
Using Asset Import Pipeline V2.
Refreshing native plugins compatible for Editor in 49.78 ms, found 0 plugins.
Preloading 0 native plugins for Editor in 0.00 ms.
Initialize engine version: 2020.2.6f1 (8a2143876886)
[Subsystems] Discovering subsystems at path D:/Unity/2020.2.6f1/Editor/Data/Resources/UnitySubsystems
[Subsystems] Discovering subsystems at path D:/Github/VerticalDissolve/Assets
GfxDevice: creating device client; threaded=0
Direct3D:
    Version:  Direct3D 11.0 [level 11.1]
    Renderer: NVIDIA GeForce GTX 1070 (ID=0x1b81)
    Vendor:   
    VRAM:     8088 MB
    Driver:   27.21.14.6172
Initialize mono
Mono path[0] = 'D:/Unity/2020.2.6f1/Editor/Data/Managed'
Mono path[1] = 'D:/Unity/2020.2.6f1/Editor/Data/MonoBleedingEdge/lib/mono/unityjit'
Mono config path = 'D:/Unity/2020.2.6f1/Editor/Data/MonoBleedingEdge/etc'
Using monoOptions --debugger-agent=transport=dt_socket,embedding=1,server=y,suspend=n,address=127.0.0.1:56612
Begin MonoManager ReloadAssembly
Registering precompiled unity dll's ...
Register platform support module: D:/Unity/2020.2.6f1/Editor/Data/PlaybackEngines/WindowsStandaloneSupport/UnityEditor.WindowsStandalone.Extensions.dll
Registered in 0.003721 seconds.
Native extension for WindowsStandalone target not found
Refreshing native plugins compatible for Editor in 44.30 ms, found 0 plugins.
Preloading 0 native plugins for Editor in 0.00 ms.
Invoked RoslynAnalysisRunner static constructor.
RoslynAnalysisRunner will not be running.
RoslynAnalysisRunner has terminated.
Mono: successfully reloaded assembly
- Completed reload, in  1.133 seconds
Platform modules already initialized, skipping
Registering precompiled user dll's ...
Registered in 0.003244 seconds.
Begin MonoManager ReloadAssembly
Native extension for WindowsStandalone target not found
Refreshing native plugins compatible for Editor in 0.36 ms, found 0 plugins.
Preloading 0 native plugins for Editor in 0.00 ms.
Invoked RoslynAnalysisRunner static constructor.
RoslynAnalysisRunner will not be running.
RoslynAnalysisRunner has terminated.
Mono: successfully reloaded assembly
- Completed reload, in  0.835 seconds
Platform modules already initialized, skipping
========================================================================
Worker process is ready to serve import requests
Launched and connected shader compiler UnityShaderCompiler.exe after 0.06 seconds
Refreshing native plugins compatible for Editor in 0.34 ms, found 0 plugins.
Preloading 0 native plugins for Editor in 0.00 ms.
Unloading 1530 Unused Serialized files (Serialized files now loaded: 0)
System memory in use before: 76.4 MB.
System memory in use after: 76.5 MB.

Unloading 33 unused Assets to reduce memory usage. Loaded Objects now: 1963.
Total: 1.533700 ms (FindLiveObjects: 0.154300 ms CreateObjectMapping: 0.065700 ms MarkObjects: 1.241800 ms  DeleteObjects: 0.071400 ms)

========================================================================
Received Import Request.
  path: Assets/AdultLink/VerticalDissolve/Examples/Materials/Printer & teleport
  artifactKey: Guid(1267334b0de0fd5478a4cb8dba5721a6) Importer(815301076,1909f56bfc062723c751e8b465ee728b)
Start importing Assets/AdultLink/VerticalDissolve/Examples/Materials/Printer & teleport using Guid(1267334b0de0fd5478a4cb8dba5721a6) Importer(815301076,1909f56bfc062723c751e8b465ee728b)  -> (artifact id: 'b9488b0f889177d01891939e18d6667e') in 0.007402 seconds
  Import took 0.009535 seconds .

========================================================================
Received Import Request.
  Time since last request: 9.366300 seconds.
  path: Assets/AdultLink/VerticalDissolve/Examples/Scripts
  artifactKey: Guid(367e0535afa80e9408849c51ce19b52a) Importer(815301076,1909f56bfc062723c751e8b465ee728b)
Start importing Assets/AdultLink/VerticalDissolve/Examples/Scripts using Guid(367e0535afa80e9408849c51ce19b52a) Importer(815301076,1909f56bfc062723c751e8b465ee728b)  -> (artifact id: '84f53a4acbd4cc878c79d9ec49634a78') in 0.006384 seconds
  Import took 0.036876 seconds .

========================================================================
Received Import Request.
  Time since last request: 45.499242 seconds.
  path: Assets/AdultLink/VerticalDissolve/Examples/Scripts/RandoMaterial.cs
  artifactKey: Guid(5303fa0f8f802704b9c2ad2af36a97a9) Importer(815301076,1909f56bfc062723c751e8b465ee728b)
Start importing Assets/AdultLink/VerticalDissolve/Examples/Scripts/RandoMaterial.cs using Guid(5303fa0f8f802704b9c2ad2af36a97a9) Importer(815301076,1909f56bfc062723c751e8b465ee728b)  -> (artifact id: '6d6777280e5045b1350d5ecc8ffd23c3') in 0.073671 seconds
  Import took 0.112144 seconds .

========================================================================
Received Import Request.
  Time since last request: 23.382099 seconds.
  path: Assets/AdultLink/VerticalDissolve/Examples/Scripts/RandoMaterial.cs
  artifactKey: Guid(5303fa0f8f802704b9c2ad2af36a97a9) Importer(815301076,1909f56bfc062723c751e8b465ee728b)
Start importing Assets/AdultLink/VerticalDissolve/Examples/Scripts/RandoMaterial.cs using Guid(5303fa0f8f802704b9c2ad2af36a97a9) Importer(815301076,1909f56bfc062723c751e8b465ee728b)  -> (artifact id: 'f8cc6f92431fc42bb2aebd7d270adf5a') in 0.003280 seconds
  Import took 0.018723 seconds .

========================================================================
Received Import Request.
  Time since last request: 0.011090 seconds.
  path: Assets/AdultLink/VerticalDissolve/Examples/Scripts/RandoMaterial.cs
  artifactKey: Guid(5303fa0f8f802704b9c2ad2af36a97a9) Importer(815301076,1909f56bfc062723c751e8b465ee728b)
Start importing Assets/AdultLink/VerticalDissolve/Examples/Scripts/RandoMaterial.cs using Guid(5303fa0f8f802704b9c2ad2af36a97a9) Importer(815301076,1909f56bfc062723c751e8b465ee728b)  -> (artifact id: 'f8cc6f92431fc42bb2aebd7d270adf5a') in 0.004252 seconds
  Import took 0.006585 seconds .

========================================================================
Received Prepare
Registering precompiled user dll's ...
Registered in 0.004302 seconds.
Begin MonoManager ReloadAssembly
Native extension for WindowsStandalone target not found
Refreshing native plugins compatible for Editor in 0.37 ms, found 0 plugins.
Preloading 0 native plugins for Editor in 0.00 ms.
Invoked RoslynAnalysisRunner static constructor.
RoslynAnalysisRunner will not be running.
RoslynAnalysisRunner has terminated.
Mono: successfully reloaded assembly
- Completed reload, in  0.918 seconds
Platform modules already initialized, skipping
Refreshing native plugins compatible for Editor in 0.74 ms, found 0 plugins.
Preloading 0 native plugins for Editor in 0.00 ms.
Unloading 1488 Unused Serialized files (Serialized files now loaded: 0)
System memory in use before: 73.4 MB.
System memory in use after: 73.5 MB.

Unloading 24 unused Assets to reduce memory usage. Loaded Objects now: 1966.
Total: 1.854400 ms (FindLiveObjects: 0.156600 ms CreateObjectMapping: 0.059700 ms MarkObjects: 1.605300 ms  DeleteObjects: 0.031100 ms)

========================================================================
Received Prepare
Registering precompiled user dll's ...
Registered in 0.004088 seconds.
Begin MonoManager ReloadAssembly
Native extension for WindowsStandalone target not found
Refreshing native plugins compatible for Editor in 0.51 ms, found 0 plugins.
Preloading 0 native plugins for Editor in 0.00 ms.
Invoked RoslynAnalysisRunner static constructor.
RoslynAnalysisRunner will not be running.
RoslynAnalysisRunner has terminated.
Mono: successfully reloaded assembly
- Completed reload, in  0.872 seconds
Platform modules already initialized, skipping
Refreshing native plugins compatible for Editor in 0.66 ms, found 0 plugins.
Preloading 0 native plugins for Editor in 0.00 ms.
Unloading 1488 Unused Serialized files (Serialized files now loaded: 0)
System memory in use before: 73.5 MB.
System memory in use after: 73.6 MB.

Unloading 24 unused Assets to reduce memory usage. Loaded Objects now: 1968.
Total: 1.525400 ms (FindLiveObjects: 0.153100 ms CreateObjectMapping: 0.050400 ms MarkObjects: 1.304200 ms  DeleteObjects: 0.016900 ms)

========================================================================
Received Prepare
Registering precompiled user dll's ...
Registered in 0.003164 seconds.
Begin MonoManager ReloadAssembly
Native extension for WindowsStandalone target not found
Refreshing native plugins compatible for Editor in 0.36 ms, found 0 plugins.
Preloading 0 native plugins for Editor in 0.00 ms.
Invoked RoslynAnalysisRunner static constructor.
RoslynAnalysisRunner will not be running.
RoslynAnalysisRunner has terminated.
Mono: successfully reloaded assembly
- Completed reload, in  0.863 seconds
Platform modules already initialized, skipping
Refreshing native plugins compatible for Editor in 0.38 ms, found 0 plugins.
Preloading 0 native plugins for Editor in 0.00 ms.
Unloading 1488 Unused Serialized files (Serialized files now loaded: 0)
System memory in use before: 73.5 MB.
System memory in use after: 73.6 MB.

Unloading 24 unused Assets to reduce memory usage. Loaded Objects now: 1970.
Total: 1.455600 ms (FindLiveObjects: 0.136100 ms CreateObjectMapping: 0.045000 ms MarkObjects: 1.256300 ms  DeleteObjects: 0.017200 ms)

========================================================================
Received Prepare
Registering precompiled user dll's ...
Registered in 0.003469 seconds.
Begin MonoManager ReloadAssembly
Native extension for WindowsStandalone target not found
Refreshing native plugins compatible for Editor in 0.35 ms, found 0 plugins.
Preloading 0 native plugins for Editor in 0.00 ms.
Invoked RoslynAnalysisRunner static constructor.
RoslynAnalysisRunner will not be running.
RoslynAnalysisRunner has terminated.
Mono: successfully reloaded assembly
- Completed reload, in  0.808 seconds
Platform modules already initialized, skipping
Refreshing native plugins compatible for Editor in 0.38 ms, found 0 plugins.
Preloading 0 native plugins for Editor in 0.00 ms.
Unloading 1488 Unused Serialized files (Serialized files now loaded: 0)
System memory in use before: 73.5 MB.
System memory in use after: 73.6 MB.

Unloading 24 unused Assets to reduce memory usage. Loaded Objects now: 1972.
Total: 1.509100 ms (FindLiveObjects: 0.173800 ms CreateObjectMapping: 0.052800 ms MarkObjects: 1.263700 ms  DeleteObjects: 0.017900 ms)

========================================================================
Received Prepare
Registering precompiled user dll's ...
Registered in 0.002934 seconds.
Begin MonoManager ReloadAssembly
Native extension for WindowsStandalone target not found
Refreshing native plugins compatible for Editor in 0.36 ms, found 0 plugins.
Preloading 0 native plugins for Editor in 0.00 ms.
Invoked RoslynAnalysisRunner static constructor.
RoslynAnalysisRunner will not be running.
RoslynAnalysisRunner has terminated.
Mono: successfully reloaded assembly
- Completed reload, in  0.751 seconds
Platform modules already initialized, skipping
Refreshing native plugins compatible for Editor in 0.39 ms, found 0 plugins.
Preloading 0 native plugins for Editor in 0.00 ms.
Unloading 1488 Unused Serialized files (Serialized files now loaded: 0)
System memory in use before: 73.5 MB.
System memory in use after: 73.6 MB.

Unloading 24 unused Assets to reduce memory usage. Loaded Objects now: 1974.
Total: 1.438200 ms (FindLiveObjects: 0.132400 ms CreateObjectMapping: 0.039000 ms MarkObjects: 1.248800 ms  DeleteObjects: 0.017400 ms)

