Using pre-set license
Built from '2020.2/staging' branch; Version is '2020.2.6f1 (8a2143876886) revision 9052483'; Using compiler version '192528614'; Build Type 'Release'
OS: 'Windows 10 Home; OS build 19041.804; Version 2004; 64bit' Language: 'en' Physical Memory: 32683 MB
BatchMode: 1, IsHumanControllingUs: 0, StartBugReporterOnCrash: 0, Is64bit: 1, IsPro: 0

 COMMAND LINE ARGUMENTS:
E:\UnityHub\Unity Editors\2020.2.6f1\Editor\Unity.exe
-adb2
-batchMode
-noUpm
-name
AssetImportWorker0
-projectPath
E:/GitHub/VerticalDissolve
-logFile
Logs/AssetImportWorker0.log
-srvPort
49597
Successfully changed project path to: E:/GitHub/VerticalDissolve
E:/GitHub/VerticalDissolve
Using Asset Import Pipeline V2.
Refreshing native plugins compatible for Editor in 32.48 ms, found 2 plugins.
Preloading 0 native plugins for Editor in 0.00 ms.
Initialize engine version: 2020.2.6f1 (8a2143876886)
[Subsystems] Discovering subsystems at path E:/UnityHub/Unity Editors/2020.2.6f1/Editor/Data/Resources/UnitySubsystems
[Subsystems] Discovering subsystems at path E:/GitHub/VerticalDissolve/Assets
GfxDevice: creating device client; threaded=0
Direct3D:
    Version:  Direct3D 11.0 [level 11.1]
    Renderer: NVIDIA GeForce RTX 2070 SUPER (ID=0x1e84)
    Vendor:   
    VRAM:     8011 MB
    Driver:   27.21.14.6140
Initialize mono
Mono path[0] = 'E:/UnityHub/Unity Editors/2020.2.6f1/Editor/Data/Managed'
Mono path[1] = 'E:/UnityHub/Unity Editors/2020.2.6f1/Editor/Data/MonoBleedingEdge/lib/mono/unityjit'
Mono config path = 'E:/UnityHub/Unity Editors/2020.2.6f1/Editor/Data/MonoBleedingEdge/etc'
Using monoOptions --debugger-agent=transport=dt_socket,embedding=1,server=y,suspend=n,address=127.0.0.1:56328
Begin MonoManager ReloadAssembly
Registering precompiled unity dll's ...
Register platform support module: E:/UnityHub/Unity Editors/2020.2.6f1/Editor/Data/PlaybackEngines/WindowsStandaloneSupport/UnityEditor.WindowsStandalone.Extensions.dll
Registered in 0.000814 seconds.
Native extension for WindowsStandalone target not found
Refreshing native plugins compatible for Editor in 29.46 ms, found 2 plugins.
Preloading 0 native plugins for Editor in 0.00 ms.
Invoked RoslynAnalysisRunner static constructor.
RoslynAnalysisRunner will not be running.
RoslynAnalysisRunner has terminated.
Mono: successfully reloaded assembly
- Completed reload, in  0.823 seconds
Platform modules already initialized, skipping
Registering precompiled user dll's ...
Registered in 0.001917 seconds.
Begin MonoManager ReloadAssembly
Native extension for WindowsStandalone target not found
Refreshing native plugins compatible for Editor in 0.40 ms, found 2 plugins.
Preloading 0 native plugins for Editor in 0.00 ms.
Invoked RoslynAnalysisRunner static constructor.
RoslynAnalysisRunner will not be running.
RoslynAnalysisRunner has terminated.
Mono: successfully reloaded assembly
- Completed reload, in  0.735 seconds
Platform modules already initialized, skipping
========================================================================
Worker process is ready to serve import requests
Launched and connected shader compiler UnityShaderCompiler.exe after 0.03 seconds
Refreshing native plugins compatible for Editor in 0.37 ms, found 2 plugins.
Preloading 0 native plugins for Editor in 0.00 ms.
Unloading 1424 Unused Serialized files (Serialized files now loaded: 0)
System memory in use before: 69.8 MB.
System memory in use after: 69.8 MB.

Unloading 41 unused Assets to reduce memory usage. Loaded Objects now: 1883.
Total: 1.521300 ms (FindLiveObjects: 0.120400 ms CreateObjectMapping: 0.042300 ms MarkObjects: 1.301400 ms  DeleteObjects: 0.056500 ms)

========================================================================
Received Import Request.
  path: Assets/AdultLink/VerticalDissolve/Examples/Fonts/Exo-Medium.ttf
  artifactKey: Guid(0bc5f3b7a5638d545924379631c42d7c) Importer(815301076,1909f56bfc062723c751e8b465ee728b)
Start importing Assets/AdultLink/VerticalDissolve/Examples/Fonts/Exo-Medium.ttf using Guid(0bc5f3b7a5638d545924379631c42d7c) Importer(815301076,1909f56bfc062723c751e8b465ee728b)  -> (artifact id: 'ef412910a90e4f4a6febcc2c65647d30') in 0.541596 seconds
  Import took 0.543771 seconds .

========================================================================
Received Import Request.
  Time since last request: 500.697246 seconds.
  path: Assets/AdultLink/VerticalDissolve/Examples/Assetstore/TextMesh Pro
  artifactKey: Guid(cca1ebb636f29e5468f96ce571cbd93e) Importer(815301076,1909f56bfc062723c751e8b465ee728b)
Start importing Assets/AdultLink/VerticalDissolve/Examples/Assetstore/TextMesh Pro using Guid(cca1ebb636f29e5468f96ce571cbd93e) Importer(815301076,1909f56bfc062723c751e8b465ee728b)  -> (artifact id: 'cc5c3714a3c47f061892559f68c60bc6') in 0.004358 seconds
  Import took 0.006762 seconds .

========================================================================
Received Prepare
Registering precompiled user dll's ...
Registered in 0.001025 seconds.
Begin MonoManager ReloadAssembly
Native extension for WindowsStandalone target not found
Refreshing native plugins compatible for Editor in 0.36 ms, found 0 plugins.
Preloading 0 native plugins for Editor in 0.00 ms.
Invoked RoslynAnalysisRunner static constructor.
RoslynAnalysisRunner will not be running.
RoslynAnalysisRunner has terminated.
Mono: successfully reloaded assembly
- Completed reload, in  0.686 seconds
Platform modules already initialized, skipping
Refreshing native plugins compatible for Editor in 0.39 ms, found 0 plugins.
Preloading 0 native plugins for Editor in 0.00 ms.
Unloading 1488 Unused Serialized files (Serialized files now loaded: 0)
System memory in use before: 76.2 MB.
System memory in use after: 76.3 MB.

Unloading 59 unused Assets to reduce memory usage. Loaded Objects now: 2004.
Total: 1.799700 ms (FindLiveObjects: 0.208900 ms CreateObjectMapping: 0.087700 ms MarkObjects: 1.431700 ms  DeleteObjects: 0.070400 ms)

========================================================================
Received Import Request.
  Time since last request: 101.605282 seconds.
  path: Packages/com.unity.textmeshpro
  artifactKey: Guid(cabaa672b0e3ee91fa7b6da4daab7970) Importer(815301076,1909f56bfc062723c751e8b465ee728b)
Start importing Packages/com.unity.textmeshpro using Guid(cabaa672b0e3ee91fa7b6da4daab7970) Importer(815301076,1909f56bfc062723c751e8b465ee728b)  -> (artifact id: '45d17d5366f259c698d14ff00a7a1f5e') in 0.006375 seconds
  Import took 0.008828 seconds .

========================================================================
Received Import Request.
  Time since last request: 0.000439 seconds.
  path: Packages/com.unity.textmeshpro
  artifactKey: Guid(cabaa672b0e3ee91fa7b6da4daab7970) Importer(815301076,1909f56bfc062723c751e8b465ee728b)
Start importing Packages/com.unity.textmeshpro using Guid(cabaa672b0e3ee91fa7b6da4daab7970) Importer(815301076,1909f56bfc062723c751e8b465ee728b)  -> (artifact id: '45d17d5366f259c698d14ff00a7a1f5e') in 0.001416 seconds
  Import took 0.003571 seconds .

========================================================================
Received Prepare
Registering precompiled user dll's ...
Registered in 0.001470 seconds.
Begin MonoManager ReloadAssembly
Native extension for WindowsStandalone target not found
Refreshing native plugins compatible for Editor in 0.37 ms, found 0 plugins.
Preloading 0 native plugins for Editor in 0.00 ms.
Invoked RoslynAnalysisRunner static constructor.
RoslynAnalysisRunner will not be running.
RoslynAnalysisRunner has terminated.
Mono: successfully reloaded assembly
- Completed reload, in  0.686 seconds
Platform modules already initialized, skipping
Refreshing native plugins compatible for Editor in 0.38 ms, found 0 plugins.
Preloading 0 native plugins for Editor in 0.00 ms.
Unloading 1501 Unused Serialized files (Serialized files now loaded: 0)
System memory in use before: 77.9 MB.
System memory in use after: 77.4 MB.

Unloading 37 unused Assets to reduce memory usage. Loaded Objects now: 2007.
Total: 1.724800 ms (FindLiveObjects: 0.149500 ms CreateObjectMapping: 0.043600 ms MarkObjects: 1.277600 ms  DeleteObjects: 0.253000 ms)

AssetImportWorkerClient::OnTransportError - code=2 error=End of file
